./LT001201: input: 1994; output: MCMXCIV
./LT001301: input: MCMXCIV; output: 1994
./LT002601: input: [0,0,1,1,1,2,2,3,3,4]; output: 5
./LT002701: input: nums=[3,2,2,3], val=3; output: [2,2]
./LT002802: input: s=sadbutsad, t=sad; output: 0
./LT003402: input: nums=[5,7,7,8,8,10], target=8; output: [3,4]
./LT003601: output: Segmentation fault;
./LT003802: input: 1; output: 1 input: 4; output: 1211
./LT004401: input: s=aa, p=a; output: 0;
./LT005502: input: matrix=[2,3,1,1,4]; output: 1
./LT005901: input: 3; output: arr=[[1,2,3],[8,9,4],[7,6,5]], returnSize=3, returnColumnSizes=[3,3,3]
./LT006302: input: [[0,0,0],[0,1,0],[0,0,0]]; output: 2
./LT007102: input: /home/; output:/home input: /../; output:/ input: /home//foo/; output:/home/foo
./LT007602: input: s=ADOBECODEBANC, t=ABC; output: BANC
./LT007901: input: board=[[A,B,C,E],[S,F,C,S],[A,D,E,E]], word=ABCCED; output: 1
./LT008001: input: [1,1,1,2,2,3]; output: [1,1,2,2,3]
./LT015002: input: [2,1,+,3,*]; output: 9
./LT016902: input: [3,2,3]; output: 3;
./LT017102: input: A; output: 1; input: AB; output: 28;
./LT017202: input: 3; output: 0; input: 5; output: 1;
./LT018902: input: nums=[1,2,3,4,5,6,7], k=3; output: [5,6,7,1,2,3,4];
./LT019002: input: 43261596; output: 964176192;
./LT020202: input: 19; output: 1; input: 1999999999; output: 0;
./LT020402: input: 0; output: 0; input: 1; output: 0; input: 10; output: 4;
./LT021502: input: nums=[3,2,1,5,6,4], k=2; output: 5;
./LT022702: input: 3+2*2; output: 7 input: 3/2 ; output: 1 input: 3+5 / 2 ; output: 5
./LT024202: input: s=anagram, t=nagaram; output: 1 input: s=rat, t=car; output: 0
./LT027401: input: [3,0,6,1,5]; output: 3;
./LT027502: input: [0,1,3,5,6]; output: 3;
./LT030602: input: 112358; output: 1; input: 199100199; output: 1;
./LT041401: input: [3,2,1]; output: 1
./LT047601: input: 5; output: 2
./LT055601: input: 12; output: 21;
